timestamp: 2019_03_11_15_36_39
Data dir: ['/rap/jvb-000-aa/COURS2019/etudiants/data/humanware/SVHN/train', '/rap/jvb-000-aa/COURS2019/etudiants/data/humanware/SVHN/extra']
Output dir: /home/user1/branch_hblk2/Humanware-block2-b2phut3/results/SVHN_VGG19_2019_03_11_15_36_39
Using config:
{'CHECKPOINT_DIR': 'checkpoints',
 'CONFIG_NAME': 'VGG19',
 'DATASET_NAME': 'SVHN',
 'INPUT_DIR': ['/rap/jvb-000-aa/COURS2019/etudiants/data/humanware/SVHN/train',
               '/rap/jvb-000-aa/COURS2019/etudiants/data/humanware/SVHN/extra'],
 'METADATA_FILENAME': ['/rap/jvb-000-aa/COURS2019/etudiants/data/humanware/SVHN/train_metadata.pkl',
                       '/rap/jvb-000-aa/COURS2019/etudiants/data/humanware/SVHN/extra_metadata.pkl'],
 'OUTPUT_DIR': '/home/user1/branch_hblk2/Humanware-block2-b2phut3/results/SVHN_VGG19_2019_03_11_15_36_39',
 'SEED': 1234,
 'TIMESTAMP': '2019_03_11_15_36_39',
 'TRAIN': {'BATCH_SIZE': 32,
           'CURRENT_EPOCH': 0,
           'DATASET_SPLIT': 'train+extra',
           'DECAY_RATE': 0.9,
           'DECAY_STEPS': 500,
           'LR': 0.001,
           'MOM': 0.9,
           'NUM_EPOCHS': 10,
           'SAMPLE_SIZE': [-1, 0],
           'SHUFFLE': False,
           'STRATIFIED': False,
           'VALID_SPLIT': [0.8, 1],
           'WEIGHT_DECAY': 0.005}}
pytorch/random seed: 1234
Starting bayesian optimization


cfg dataloader {'CONFIG_NAME': 'VGG19', 'DATASET_NAME': 'SVHN', 'SEED': 1234, 'TRAIN': {'DATASET_SPLIT': 'train+extra', 'VALID_SPLIT': [0.8, 1], 'CURRENT_EPOCH': 0, 'SAMPLE_SIZE': [-1, 0], 'BATCH_SIZE': 32, 'STRATIFIED': False, 'NUM_EPOCHS': 10, 'LR': 0.001, 'MOM': 0.9, 'SHUFFLE': False, 'WEIGHT_DECAY': 0.005, 'DECAY_STEPS': 500, 'DECAY_RATE': 0.9}, 'TIMESTAMP': '2019_03_11_15_36_39', 'INPUT_DIR': ['/rap/jvb-000-aa/COURS2019/etudiants/data/humanware/SVHN/train', '/rap/jvb-000-aa/COURS2019/etudiants/data/humanware/SVHN/extra'], 'CHECKPOINT_DIR': 'checkpoints', 'METADATA_FILENAME': ['/rap/jvb-000-aa/COURS2019/etudiants/data/humanware/SVHN/train_metadata.pkl', '/rap/jvb-000-aa/COURS2019/etudiants/data/humanware/SVHN/extra_metadata.pkl'], 'OUTPUT_DIR': '/home/user1/branch_hblk2/Humanware-block2-b2phut3/results/SVHN_VGG19_2019_03_11_15_36_39'}
Device used:  cuda:0
Directory run created 
# Start training #


Iterating over training data...


Iterating over validation data...
Checkpointing new model ...

Epoch: 1/10
	Train Loss: 9.3091
	Valid Loss: 8.9373
	Valid Accuracy: 0.0515


Iterating over training data...


Iterating over validation data...

Epoch: 2/10
	Train Loss: 7.3515
	Valid Loss: 5.7467
	Valid Accuracy: 0.3702


Iterating over training data...


Iterating over validation data...

Epoch: 3/10
	Train Loss: 4.9726
	Valid Loss: 4.3494
	Valid Accuracy: 0.5142


Iterating over training data...
